XYZReader/build/outputs/logs/manifest-merger-debug-report.txt
-- Merging decision tree log ---
manifest
ADDED from src/main/AndroidManifest.xml:2:1-54:12
	package
		ADDED from src/main/AndroidManifest.xml:3:5-36
	android:versionName
		ADDED from src/main/AndroidManifest.xml:5:5-30
		INJECTED from src/main/AndroidManifest.xml
		INJECTED from src/main/AndroidManifest.xml
	android:versionCode
		ADDED from src/main/AndroidManifest.xml:4:5-28
		INJECTED from src/main/AndroidManifest.xml
		INJECTED from src/main/AndroidManifest.xml
	xmlns:android
		ADDED from src/main/AndroidManifest.xml:2:11-69
uses-permission#android.permission.INTERNET
ADDED from src/main/AndroidManifest.xml:7:5-67
	android:name
		ADDED from src/main/AndroidManifest.xml:7:22-64
uses-permission#android.permission.WRITE_EXTERNAL_STORAGE
ADDED from src/main/AndroidManifest.xml:8:5-81
	android:name
		ADDED from src/main/AndroidManifest.xml:8:22-78
uses-permission#android.permission.BROADCAST_STICKY
ADDED from src/main/AndroidManifest.xml:9:5-75
	android:name
		ADDED from src/main/AndroidManifest.xml:9:22-72
uses-permission#android.permission.ACCESS_NETWORK_STATE
ADDED from src/main/AndroidManifest.xml:10:5-79
	android:name
		ADDED from src/main/AndroidManifest.xml:10:22-76
application
ADDED from src/main/AndroidManifest.xml:12:5-52:19
MERGED from [com.android.support:support-v13:22.2.1] AndroidManifest.xml:22:5-20
MERGED from [com.android.support:cardview-v7:22.2.1] AndroidManifest.xml:22:5-20
MERGED from [com.android.support:design:22.2.1] AndroidManifest.xml:22:5-20
MERGED from [com.android.support:appcompat-v7:22.2.1] AndroidManifest.xml:22:5-20
MERGED from [com.android.support:palette-v7:23.3.0] AndroidManifest.xml:22:5-23:19
MERGED from [com.android.support:support-v4:23.3.0] AndroidManifest.xml:22:5-20
	android:label
		ADDED from src/main/AndroidManifest.xml:15:9-41
	android:allowBackup
		ADDED from src/main/AndroidManifest.xml:13:9-35
	android:icon
		ADDED from src/main/AndroidManifest.xml:14:9-43
	android:theme
		ADDED from src/main/AndroidManifest.xml:16:9-43
activity#com.example.xyzreader.ui.ArticleListActivity
ADDED from src/main/AndroidManifest.xml:17:9-25:20
	android:label
		ADDED from src/main/AndroidManifest.xml:19:13-45
	android:name
		ADDED from src/main/AndroidManifest.xml:18:13-51
intent-filter#android.intent.action.MAIN+android.intent.category.LAUNCHER
ADDED from src/main/AndroidManifest.xml:20:13-24:29
action#android.intent.action.MAIN
ADDED from src/main/AndroidManifest.xml:21:17-69
	android:name
		ADDED from src/main/AndroidManifest.xml:21:25-66
category#android.intent.category.LAUNCHER
ADDED from src/main/AndroidManifest.xml:23:17-77
	android:name
		ADDED from src/main/AndroidManifest.xml:23:27-74
activity#com.example.xyzreader.ui.ArticleDetailActivity
ADDED from src/main/AndroidManifest.xml:26:9-41:20
	android:parentActivityName
		ADDED from src/main/AndroidManifest.xml:29:13-65
	android:theme
		ADDED from src/main/AndroidManifest.xml:28:13-56
	android:name
		ADDED from src/main/AndroidManifest.xml:27:13-53
intent-filter#android.intent.action.VIEW+android.intent.category.DEFAULT
ADDED from src/main/AndroidManifest.xml:30:13-36:29
action#android.intent.action.VIEW
ADDED from src/main/AndroidManifest.xml:31:17-69
	android:name
		ADDED from src/main/AndroidManifest.xml:31:25-66
category#android.intent.category.DEFAULT
ADDED from src/main/AndroidManifest.xml:33:17-76
	android:name
		ADDED from src/main/AndroidManifest.xml:33:27-73
data
ADDED from src/main/AndroidManifest.xml:35:17-100
	android:mimeType
		ADDED from src/main/AndroidManifest.xml:35:23-97
meta-data#android.support.PARENT_ACTIVITY
ADDED from src/main/AndroidManifest.xml:38:13-40:59
	android:value
		ADDED from src/main/AndroidManifest.xml:40:17-56
	android:name
		ADDED from src/main/AndroidManifest.xml:39:17-63
service#com.example.xyzreader.data.UpdaterService
ADDED from src/main/AndroidManifest.xml:43:9-45:40
	android:exported
		ADDED from src/main/AndroidManifest.xml:45:13-37
	android:name
		ADDED from src/main/AndroidManifest.xml:44:13-48
provider#com.example.xyzreader.data.ItemsProvider
ADDED from src/main/AndroidManifest.xml:47:9-50:40
	android:authorities
		ADDED from src/main/AndroidManifest.xml:49:13-56
	android:exported
		ADDED from src/main/AndroidManifest.xml:50:13-37
	android:name
		ADDED from src/main/AndroidManifest.xml:48:13-47
uses-sdk
INJECTED from src/main/AndroidManifest.xml reason: use-sdk injection requested
MERGED from [com.android.support:support-v13:22.2.1] AndroidManifest.xml:20:5-44
MERGED from [com.android.support:recyclerview-v7:22.2.1] AndroidManifest.xml:20:5-43
MERGED from [com.android.support:cardview-v7:22.2.1] AndroidManifest.xml:20:5-43
MERGED from [com.android.support:design:22.2.1] AndroidManifest.xml:20:5-43
MERGED from [com.android.support:appcompat-v7:22.2.1] AndroidManifest.xml:20:5-43
MERGED from [com.jakewharton:butterknife:8.4.0] AndroidManifest.xml:5:5-43
MERGED from [com.github.florent37:picassopalette:2.0.0] AndroidManifest.xml:7:5-9:41
MERGED from [com.android.support:palette-v7:23.3.0] AndroidManifest.xml:20:5-43
MERGED from [com.android.support:support-v4:23.3.0] AndroidManifest.xml:20:5-43
	android:targetSdkVersion
		INJECTED from src/main/AndroidManifest.xml
		INJECTED from src/main/AndroidManifest.xml
	android:minSdkVersion
		INJECTED from src/main/AndroidManifest.xml
		INJECTED from src/main/AndroidManifest.xml